#
# A fatal error has been detected by the Java Runtime Environment:
#
#  Internal Error (safepoint.cpp:310), pid=6640, tid=11267
#  guarantee(PageArmed == 0) failed: invariant
#
# JRE version: Java(TM) SE Runtime Environment (8.0_91-b14) (build 1.8.0_91-b14)
# Java VM: Java HotSpot(TM) 64-Bit Server VM (25.91-b14 mixed mode bsd-amd64 compressed oops)
# Failed to write core dump. Core dumps have been disabled. To enable core dumping, try "ulimit -c unlimited" before starting Java again
#
# If you would like to submit a bug report, please visit:
#   http://bugreport.java.com/bugreport/crash.jsp
#

---------------  T H R E A D  ---------------

Current thread (0x00007fb6a1841800):  VMThread [stack: 0x0000700000629000,0x0000700000729000] [id=11267]

Stack: [0x0000700000629000,0x0000700000729000],  sp=0x0000700000728910,  free space=1022k
Native frames: (J=compiled Java code, j=interpreted, Vv=VM code, C=native code)
V  [libjvm.dylib+0x5a8f92]
V  [libjvm.dylib+0x1e7303]
V  [libjvm.dylib+0x4dbb18]
V  [libjvm.dylib+0x5af525]
V  [libjvm.dylib+0x5aee53]
V  [libjvm.dylib+0x484f82]
C  [libsystem_pthread.dylib+0x399d]  _pthread_body+0x83
C  [libsystem_pthread.dylib+0x391a]  _pthread_body+0x0
C  [libsystem_pthread.dylib+0x1351]  thread_start+0xd

VM_Operation (0x00007fb6a0d297a0): EnableBiasedLocking, mode: async safepoint, requested by thread 0x00007fb6a181e000


---------------  P R O C E S S  ---------------

Java Threads: ( => current thread )
  0x00007fb6a201f800 JavaThread "Service Thread" daemon [_thread_blocked, id=18691, stack(0x0000700000e44000,0x0000700000f44000)]
  0x00007fb6a200c800 JavaThread "C1 CompilerThread2" daemon [_thread_blocked, id=18179, stack(0x0000700000d41000,0x0000700000e41000)]
  0x00007fb6a200b800 JavaThread "C2 CompilerThread1" daemon [_thread_blocked, id=17667, stack(0x0000700000c3e000,0x0000700000d3e000)]
  0x00007fb6a2009000 JavaThread "C2 CompilerThread0" daemon [_thread_blocked, id=17155, stack(0x0000700000b3b000,0x0000700000c3b000)]
  0x00007fb6a181d800 JavaThread "Signal Dispatcher" daemon [_thread_blocked, id=13839, stack(0x0000700000a38000,0x0000700000b38000)]
  0x00007fb6a1033000 JavaThread "Finalizer" daemon [_thread_blocked, id=12291, stack(0x000070000082f000,0x000070000092f000)]
  0x00007fb6a1030000 JavaThread "Reference Handler" daemon [_thread_blocked, id=11779, stack(0x000070000072c000,0x000070000082c000)]
  0x00007fb6a1804800 JavaThread "main" [_thread_in_Java, id=5891, stack(0x000070000011a000,0x000070000021a000)]

Other Threads:
=>0x00007fb6a1841800 VMThread [stack: 0x0000700000629000,0x0000700000729000] [id=11267]
  0x00007fb6a181e000 WatcherThread [stack: 0x0000700000f47000,0x0000700001047000] [id=19203]

VM state:synchronizing (normal execution)

VM Mutex/Monitor currently owned by a thread:  ([mutex/lock_event])
[0x00007fb6a0c10a20] Safepoint_lock - owner thread: 0x00007fb6a1841800
[0x00007fb6a0c10aa0] Threads_lock - owner thread: 0x00007fb6a1841800

Heap:
 PSYoungGen      total 76288K, used 6527K [0x000000076ab00000, 0x0000000770000000, 0x00000007c0000000)
  eden space 65536K, 9% used [0x000000076ab00000,0x000000076b15fef8,0x000000076eb00000)
  from space 10752K, 0% used [0x000000076f580000,0x000000076f580000,0x0000000770000000)
  to   space 10752K, 0% used [0x000000076eb00000,0x000000076eb00000,0x000000076f580000)
 ParOldGen       total 175104K, used 0K [0x00000006c0000000, 0x00000006cab00000, 0x000000076ab00000)
  object space 175104K, 0% used [0x00000006c0000000,0x00000006c0000000,0x00000006cab00000)
 Metaspace       used 2682K, capacity 4496K, committed 4864K, reserved 1056768K
  class space    used 291K, capacity 388K, committed 512K, reserved 1048576K

Card table byte_map: [0x0000000113d54000,0x0000000114555000] byte_map_base: 0x0000000110754000

Marking Bits: (ParMarkBitMap*) 0x00000001042e6eb0
 Begin Bits: [0x0000000114aab000, 0x0000000118aab000)
 End Bits:   [0x0000000118aab000, 0x000000011caab000)

Polling page: 0x000000010310b000

CodeCache: size=245760Kb used=1121Kb max_used=1133Kb free=244638Kb
 bounds [0x0000000104994000, 0x0000000104c04000, 0x0000000113994000]
 total_blobs=275 nmethods=41 adapters=149
 compilation: enabled

Compilation events (10 events):
Event: 0.124 Thread 0x00007fb6a200b800   37 %     4       Lab8.Test::randomizer @ 5 (30 bytes)
Event: 0.130 Thread 0x00007fb6a200b800 nmethod 37% 0x0000000104aab790 code [0x0000000104aab940, 0x0000000104aabcb8]
Event: 0.157 Thread 0x00007fb6a200c800   38 %     3       Lab8.SelectionSort::sort @ 23 (155 bytes)
Event: 0.158 Thread 0x00007fb6a200c800 nmethod 38% 0x0000000104aac0d0 code [0x0000000104aac2c0, 0x0000000104aacaf8]
Event: 0.158 Thread 0x00007fb6a2009000   39 %     4       Lab8.SelectionSort::sort @ 23 (155 bytes)
Event: 0.162 Thread 0x00007fb6a2009000 nmethod 39% 0x0000000104aa8190 code [0x0000000104aa82e0, 0x0000000104aa84d8]
Event: 0.162 Thread 0x00007fb6a200b800   40       4       Lab8.SelectionSort::sort (155 bytes)
Event: 0.169 Thread 0x00007fb6a200b800 nmethod 40 0x0000000104aaae90 code [0x0000000104aab000, 0x0000000104aab578]
Event: 0.169 Thread 0x00007fb6a2009000   41 %     4       Lab8.SelectionSort::sort @ 23 (155 bytes)
Event: 0.175 Thread 0x00007fb6a2009000 nmethod 41% 0x0000000104aae590 code [0x0000000104aae6e0, 0x0000000104aae9f8]

GC Heap History (0 events):
No events

Deoptimization events (2 events):
Event: 0.156 Thread 0x00007fb6a1804800 Uncommon trap: reason=unstable_if action=reinterpret pc=0x0000000104aabb1c method=Lab8.Test.randomizer([I)[I @ 25
Event: 0.162 Thread 0x00007fb6a1804800 Uncommon trap: reason=unstable_if action=reinterpret pc=0x0000000104aa8474 method=Lab8.SelectionSort.sort([ILjava/lang/String;)[I @ 31

Internal exceptions (2 events):
Event: 0.035 Thread 0x00007fb6a1804800 Exception <a 'java/lang/NoSuchMethodError': Method sun.misc.Unsafe.defineClass(Ljava/lang/String;[BII)Ljava/lang/Class; name or signature does not match> (0x000000076ab07cc0) thrown at [/Users/java_re/workspace/8-2-build-macosx-x86_64/jdk8u91/6644/hotspot
Event: 0.035 Thread 0x00007fb6a1804800 Exception <a 'java/lang/NoSuchMethodError': Method sun.misc.Unsafe.prefetchRead(Ljava/lang/Object;J)V name or signature does not match> (0x000000076ab07fa8) thrown at [/Users/java_re/workspace/8-2-build-macosx-x86_64/jdk8u91/6644/hotspot/src/share/vm/prim

Events (10 events):
Event: 0.130 Thread 0x00007fb6a1804800 DEOPT UNPACKING pc=0x00000001049db633 sp=0x0000700000219598 mode 0
Event: 0.156 Thread 0x00007fb6a1804800 Uncommon trap: trap_request=0xffffff65 fr.pc=0x0000000104aabb1c
Event: 0.156 Thread 0x00007fb6a1804800 DEOPT PACKING pc=0x0000000104aabb1c sp=0x0000700000219850
Event: 0.156 Thread 0x00007fb6a1804800 DEOPT UNPACKING pc=0x0000000104999229 sp=0x0000700000219828 mode 2
Event: 0.162 Thread 0x00007fb6a1804800 DEOPT PACKING pc=0x0000000104aac951 sp=0x0000700000219820
Event: 0.162 Thread 0x00007fb6a1804800 DEOPT UNPACKING pc=0x00000001049db633 sp=0x0000700000219578 mode 0
Event: 0.162 Thread 0x00007fb6a1804800 Uncommon trap: trap_request=0xffffff65 fr.pc=0x0000000104aa8474
Event: 0.162 Thread 0x00007fb6a1804800 DEOPT PACKING pc=0x0000000104aa8474 sp=0x0000700000219850
Event: 0.162 Thread 0x00007fb6a1804800 DEOPT UNPACKING pc=0x0000000104999229 sp=0x0000700000219808 mode 2
Event: 4.131 Executing VM operation: EnableBiasedLocking


Dynamic libraries:
0x0000000001b95000 	/System/Library/Frameworks/Cocoa.framework/Versions/A/Cocoa
0x0000000001b95000 	/System/Library/Frameworks/Security.framework/Versions/A/Security
0x0000000001b95000 	/System/Library/Frameworks/ApplicationServices.framework/Versions/A/ApplicationServices
0x0000000001b95000 	/usr/lib/libz.1.dylib
0x0000000001b95000 	/usr/lib/libSystem.B.dylib
0x0000000001b95000 	/usr/lib/libobjc.A.dylib
0x0000000001b95000 	/System/Library/Frameworks/CoreFoundation.framework/Versions/A/CoreFoundation
0x0000000001b95000 	/System/Library/Frameworks/Foundation.framework/Versions/C/Foundation
0x0000000001b95000 	/System/Library/Frameworks/AppKit.framework/Versions/C/AppKit
0x0000000001b95000 	/System/Library/Frameworks/CoreData.framework/Versions/A/CoreData
0x0000000001b95000 	/System/Library/PrivateFrameworks/RemoteViewServices.framework/Versions/A/RemoteViewServices
0x0000000001b95000 	/System/Library/PrivateFrameworks/UIFoundation.framework/Versions/A/UIFoundation
0x0000000001b95000 	/usr/lib/libScreenReader.dylib
0x0000000001b95000 	/System/Library/Frameworks/Accelerate.framework/Versions/A/Accelerate
0x0000000001b95000 	/System/Library/Frameworks/IOSurface.framework/Versions/A/IOSurface
0x0000000001b95000 	/System/Library/Frameworks/AudioToolbox.framework/Versions/A/AudioToolbox
0x0000000001b95000 	/System/Library/Frameworks/AudioUnit.framework/Versions/A/AudioUnit
0x0000000001b95000 	/System/Library/PrivateFrameworks/DataDetectorsCore.framework/Versions/A/DataDetectorsCore
0x0000000001b95000 	/System/Library/PrivateFrameworks/DesktopServicesPriv.framework/Versions/A/DesktopServicesPriv
0x0000000001b95000 	/System/Library/Frameworks/Carbon.framework/Versions/A/Frameworks/HIToolbox.framework/Versions/A/HIToolbox
0x0000000001b95000 	/System/Library/Frameworks/QuartzCore.framework/Versions/A/QuartzCore
0x0000000001b95000 	/System/Library/Frameworks/Carbon.framework/Versions/A/Frameworks/SpeechRecognition.framework/Versions/A/SpeechRecognition
0x0000000001b95000 	/usr/lib/libauto.dylib
0x0000000001b95000 	/usr/lib/libicucore.A.dylib
0x0000000001b95000 	/usr/lib/libxml2.2.dylib
0x0000000001b95000 	/System/Library/PrivateFrameworks/CoreUI.framework/Versions/A/CoreUI
0x0000000001b95000 	/System/Library/Frameworks/CoreAudio.framework/Versions/A/CoreAudio
0x0000000001b95000 	/System/Library/Frameworks/DiskArbitration.framework/Versions/A/DiskArbitration
0x0000000001b95000 	/usr/lib/liblangid.dylib
0x0000000001b95000 	/System/Library/PrivateFrameworks/MultitouchSupport.framework/Versions/A/MultitouchSupport
0x0000000001b95000 	/System/Library/Frameworks/IOKit.framework/Versions/A/IOKit
0x0000000001b95000 	/usr/lib/libDiagnosticMessagesClient.dylib
0x0000000001b95000 	/System/Library/Frameworks/CoreServices.framework/Versions/A/CoreServices
0x0000000001b95000 	/System/Library/PrivateFrameworks/PerformanceAnalysis.framework/Versions/A/PerformanceAnalysis
0x0000000001b95000 	/System/Library/PrivateFrameworks/GenerationalStorage.framework/Versions/A/GenerationalStorage
0x0000000001b95000 	/System/Library/Frameworks/OpenGL.framework/Versions/A/OpenGL
0x0000000001b95000 	/System/Library/PrivateFrameworks/Sharing.framework/Versions/A/Sharing
0x0000000001b95000 	/System/Library/Frameworks/CoreGraphics.framework/Versions/A/CoreGraphics
0x0000000001b95000 	/System/Library/Frameworks/CoreImage.framework/Versions/A/CoreImage
0x0000000001b95000 	/System/Library/Frameworks/CoreText.framework/Versions/A/CoreText
0x0000000001b95000 	/System/Library/Frameworks/ImageIO.framework/Versions/A/ImageIO
0x0000000001b95000 	/System/Library/PrivateFrameworks/Backup.framework/Versions/A/Backup
0x0000000001b95000 	/usr/lib/libextension.dylib
0x0000000001b95000 	/usr/lib/libarchive.2.dylib
0x0000000001b95000 	/System/Library/Frameworks/CFNetwork.framework/Versions/A/CFNetwork
0x0000000001b95000 	/System/Library/Frameworks/SystemConfiguration.framework/Versions/A/SystemConfiguration
0x0000000001b95000 	/usr/lib/libCRFSuite.dylib
0x0000000001b95000 	/usr/lib/libc++.1.dylib
0x0000000001b95000 	/usr/lib/libc++abi.dylib
0x0000000001b95000 	/usr/lib/system/libcache.dylib
0x0000000001b95000 	/usr/lib/system/libcommonCrypto.dylib
0x0000000001b95000 	/usr/lib/system/libcompiler_rt.dylib
0x0000000001b95000 	/usr/lib/system/libcopyfile.dylib
0x0000000001b95000 	/usr/lib/system/libcorecrypto.dylib
0x0000000001b95000 	/usr/lib/system/libdispatch.dylib
0x0000000001b95000 	/usr/lib/system/libdyld.dylib
0x0000000001b95000 	/usr/lib/system/libkeymgr.dylib
0x0000000001b95000 	/usr/lib/system/liblaunch.dylib
0x0000000001b95000 	/usr/lib/system/libmacho.dylib
0x0000000001b95000 	/usr/lib/system/libquarantine.dylib
0x0000000001b95000 	/usr/lib/system/libremovefile.dylib
0x0000000001b95000 	/usr/lib/system/libsystem_asl.dylib
0x0000000001b95000 	/usr/lib/system/libsystem_blocks.dylib
0x0000000001b95000 	/usr/lib/system/libsystem_c.dylib
0x0000000001b95000 	/usr/lib/system/libsystem_configuration.dylib
0x0000000001b95000 	/usr/lib/system/libsystem_coreservices.dylib
0x0000000001b95000 	/usr/lib/system/libsystem_coretls.dylib
0x0000000001b95000 	/usr/lib/system/libsystem_dnssd.dylib
0x0000000001b95000 	/usr/lib/system/libsystem_info.dylib
0x0000000001b95000 	/usr/lib/system/libsystem_kernel.dylib
0x0000000001b95000 	/usr/lib/system/libsystem_m.dylib
0x0000000001b95000 	/usr/lib/system/libsystem_malloc.dylib
0x0000000001b95000 	/usr/lib/system/libsystem_network.dylib
0x0000000001b95000 	/usr/lib/system/libsystem_networkextension.dylib
0x0000000001b95000 	/usr/lib/system/libsystem_notify.dylib
0x0000000001b95000 	/usr/lib/system/libsystem_platform.dylib
0x0000000001b95000 	/usr/lib/system/libsystem_pthread.dylib
0x0000000001b95000 	/usr/lib/system/libsystem_sandbox.dylib
0x0000000001b95000 	/usr/lib/system/libsystem_secinit.dylib
0x0000000001b95000 	/usr/lib/system/libsystem_trace.dylib
0x0000000001b95000 	/usr/lib/system/libunc.dylib
0x0000000001b95000 	/usr/lib/system/libunwind.dylib
0x0000000001b95000 	/usr/lib/system/libxpc.dylib
0x0000000001b95000 	/usr/lib/libenergytrace.dylib
0x0000000001b95000 	/usr/lib/libbsm.0.dylib
0x0000000001b95000 	/usr/lib/system/libkxld.dylib
0x0000000001b95000 	/usr/lib/libxar.1.dylib
0x0000000001b95000 	/usr/lib/libsqlite3.dylib
0x0000000001b95000 	/usr/lib/libpam.2.dylib
0x0000000001b95000 	/usr/lib/libOpenScriptingUtil.dylib
0x0000000001b95000 	/usr/lib/libbz2.1.0.dylib
0x0000000001b95000 	/usr/lib/liblzma.5.dylib
0x0000000001b95000 	/System/Library/Frameworks/CoreServices.framework/Versions/A/Frameworks/FSEvents.framework/Versions/A/FSEvents
0x0000000001b95000 	/System/Library/Frameworks/CoreServices.framework/Versions/A/Frameworks/CarbonCore.framework/Versions/A/CarbonCore
0x0000000001b95000 	/System/Library/Frameworks/CoreServices.framework/Versions/A/Frameworks/Metadata.framework/Versions/A/Metadata
0x0000000001b95000 	/System/Library/Frameworks/CoreServices.framework/Versions/A/Frameworks/OSServices.framework/Versions/A/OSServices
0x0000000001b95000 	/System/Library/Frameworks/CoreServices.framework/Versions/A/Frameworks/SearchKit.framework/Versions/A/SearchKit
0x0000000001b95000 	/System/Library/Frameworks/CoreServices.framework/Versions/A/Frameworks/AE.framework/Versions/A/AE
0x0000000001b95000 	/System/Library/Frameworks/CoreServices.framework/Versions/A/Frameworks/LaunchServices.framework/Versions/A/LaunchServices
0x0000000001b95000 	/System/Library/Frameworks/CoreServices.framework/Versions/A/Frameworks/DictionaryServices.framework/Versions/A/DictionaryServices
0x0000000001b95000 	/System/Library/Frameworks/CoreServices.framework/Versions/A/Frameworks/SharedFileList.framework/Versions/A/SharedFileList
0x0000000001b95000 	/System/Library/Frameworks/NetFS.framework/Versions/A/NetFS
0x0000000001b95000 	/System/Library/PrivateFrameworks/NetAuth.framework/Versions/A/NetAuth
0x0000000001b95000 	/System/Library/PrivateFrameworks/login.framework/Versions/A/Frameworks/loginsupport.framework/Versions/A/loginsupport
0x0000000001b95000 	/System/Library/PrivateFrameworks/TCC.framework/Versions/A/TCC
0x0000000001b95000 	/usr/lib/libmecabra.dylib
0x0000000001b95000 	/System/Library/Frameworks/ApplicationServices.framework/Versions/A/Frameworks/ATS.framework/Versions/A/ATS
0x0000000001b95000 	/System/Library/Frameworks/ApplicationServices.framework/Versions/A/Frameworks/ColorSync.framework/Versions/A/ColorSync
0x0000000001b95000 	/System/Library/Frameworks/ApplicationServices.framework/Versions/A/Frameworks/HIServices.framework/Versions/A/HIServices
0x0000000001b95000 	/System/Library/Frameworks/ApplicationServices.framework/Versions/A/Frameworks/LangAnalysis.framework/Versions/A/LangAnalysis
0x0000000001b95000 	/System/Library/Frameworks/ApplicationServices.framework/Versions/A/Frameworks/PrintCore.framework/Versions/A/PrintCore
0x0000000001b95000 	/System/Library/Frameworks/ApplicationServices.framework/Versions/A/Frameworks/QD.framework/Versions/A/QD
0x0000000001b95000 	/System/Library/Frameworks/ApplicationServices.framework/Versions/A/Frameworks/SpeechSynthesis.framework/Versions/A/SpeechSynthesis
0x0000000001b95000 	/System/Library/Frameworks/Metal.framework/Versions/A/Metal
0x0000000001b95000 	/System/Library/Frameworks/Accelerate.framework/Versions/A/Frameworks/vImage.framework/Versions/A/vImage
0x0000000001b95000 	/System/Library/Frameworks/Accelerate.framework/Versions/A/Frameworks/vecLib.framework/Versions/A/vecLib
0x0000000001b95000 	/System/Library/Frameworks/Accelerate.framework/Versions/A/Frameworks/vecLib.framework/Versions/A/libvDSP.dylib
0x0000000001b95000 	/System/Library/Frameworks/Accelerate.framework/Versions/A/Frameworks/vecLib.framework/Versions/A/libvMisc.dylib
0x0000000001b95000 	/System/Library/Frameworks/Accelerate.framework/Versions/A/Frameworks/vecLib.framework/Versions/A/libLAPACK.dylib
0x0000000001b95000 	/System/Library/Frameworks/Accelerate.framework/Versions/A/Frameworks/vecLib.framework/Versions/A/libBLAS.dylib
0x0000000001b95000 	/System/Library/Frameworks/Accelerate.framework/Versions/A/Frameworks/vecLib.framework/Versions/A/libLinearAlgebra.dylib
0x0000000001b95000 	/System/Library/Frameworks/Accelerate.framework/Versions/A/Frameworks/vecLib.framework/Versions/A/libSparseBLAS.dylib
0x0000000001b95000 	/System/Library/PrivateFrameworks/GPUCompiler.framework/libmetal_timestamp.dylib
0x0000000001b95000 	/System/Library/Frameworks/OpenGL.framework/Versions/A/Libraries/libCoreFSCache.dylib
0x0000000001b95000 	/System/Library/PrivateFrameworks/IOAccelerator.framework/Versions/A/IOAccelerator
0x0000000001b95000 	/System/Library/Frameworks/ApplicationServices.framework/Versions/A/Frameworks/ATS.framework/Versions/A/Resources/libFontParser.dylib
0x0000000001b95000 	/System/Library/Frameworks/ApplicationServices.framework/Versions/A/Frameworks/ATS.framework/Versions/A/Resources/libFontRegistry.dylib
0x0000000001b95000 	/System/Library/PrivateFrameworks/AppleVPA.framework/Versions/A/AppleVPA
0x0000000001b95000 	/System/Library/PrivateFrameworks/AppleJPEG.framework/Versions/A/AppleJPEG
0x0000000001b95000 	/System/Library/Frameworks/ImageIO.framework/Versions/A/Resources/libJPEG.dylib
0x0000000001b95000 	/System/Library/Frameworks/ImageIO.framework/Versions/A/Resources/libTIFF.dylib
0x0000000001b95000 	/System/Library/Frameworks/ImageIO.framework/Versions/A/Resources/libPng.dylib
0x0000000001b95000 	/System/Library/Frameworks/ImageIO.framework/Versions/A/Resources/libGIF.dylib
0x0000000001b95000 	/System/Library/Frameworks/ImageIO.framework/Versions/A/Resources/libJP2.dylib
0x0000000001b95000 	/System/Library/Frameworks/ImageIO.framework/Versions/A/Resources/libRadiance.dylib
0x0000000001b95000 	/System/Library/Frameworks/CoreVideo.framework/Versions/A/CoreVideo
0x0000000001b95000 	/System/Library/Frameworks/OpenGL.framework/Versions/A/Libraries/libGLU.dylib
0x0000000001b95000 	/System/Library/Frameworks/OpenGL.framework/Versions/A/Libraries/libGFXShared.dylib
0x0000000001b95000 	/System/Library/Frameworks/OpenGL.framework/Versions/A/Libraries/libGL.dylib
0x0000000001b95000 	/System/Library/Frameworks/OpenGL.framework/Versions/A/Libraries/libGLImage.dylib
0x0000000001b95000 	/System/Library/Frameworks/OpenGL.framework/Versions/A/Libraries/libCVMSPluginSupport.dylib
0x0000000001b95000 	/System/Library/Frameworks/OpenGL.framework/Versions/A/Libraries/libCoreVMClient.dylib
0x0000000001b95000 	/usr/lib/libcompression.dylib
0x0000000001b95000 	/usr/lib/libcups.2.dylib
0x0000000001b95000 	/System/Library/Frameworks/Kerberos.framework/Versions/A/Kerberos
0x0000000001b95000 	/System/Library/Frameworks/GSS.framework/Versions/A/GSS
0x0000000001b95000 	/usr/lib/libresolv.9.dylib
0x0000000001b95000 	/usr/lib/libiconv.2.dylib
0x0000000001b95000 	/System/Library/PrivateFrameworks/Heimdal.framework/Versions/A/Heimdal
0x0000000001b95000 	/usr/lib/libheimdal-asn1.dylib
0x0000000001b95000 	/System/Library/Frameworks/OpenDirectory.framework/Versions/A/OpenDirectory
0x0000000001b95000 	/System/Library/PrivateFrameworks/CommonAuth.framework/Versions/A/CommonAuth
0x0000000001b95000 	/System/Library/Frameworks/OpenDirectory.framework/Versions/A/Frameworks/CFOpenDirectory.framework/Versions/A/CFOpenDirectory
0x0000000001b95000 	/System/Library/Frameworks/SecurityFoundation.framework/Versions/A/SecurityFoundation
0x0000000001b95000 	/System/Library/PrivateFrameworks/LanguageModeling.framework/Versions/A/LanguageModeling
0x0000000001b95000 	/usr/lib/libmarisa.dylib
0x0000000001b95000 	/usr/lib/libChineseTokenizer.dylib
0x0000000001b95000 	/usr/lib/libcmph.dylib
0x0000000001b95000 	/System/Library/Frameworks/ServiceManagement.framework/Versions/A/ServiceManagement
0x0000000001b95000 	/usr/lib/libxslt.1.dylib
0x0000000001b95000 	/System/Library/Frameworks/Carbon.framework/Versions/A/Frameworks/Ink.framework/Versions/A/Ink
0x0000000001b95000 	/usr/lib/libFosl_dynamic.dylib
0x0000000001b95000 	/System/Library/PrivateFrameworks/FaceCore.framework/Versions/A/FaceCore
0x0000000001b95000 	/System/Library/Frameworks/OpenCL.framework/Versions/A/OpenCL
0x0000000001b95000 	/System/Library/PrivateFrameworks/CrashReporterSupport.framework/Versions/A/CrashReporterSupport
0x0000000001b95000 	/System/Library/PrivateFrameworks/IconServices.framework/Versions/A/IconServices
0x0000000001b95000 	/System/Library/PrivateFrameworks/Apple80211.framework/Versions/A/Apple80211
0x0000000001b95000 	/System/Library/Frameworks/CoreWLAN.framework/Versions/A/CoreWLAN
0x0000000001b95000 	/System/Library/Frameworks/IOBluetooth.framework/Versions/A/IOBluetooth
0x0000000001b95000 	/System/Library/PrivateFrameworks/CoreWiFi.framework/Versions/A/CoreWiFi
0x0000000001b95000 	/System/Library/Frameworks/CoreBluetooth.framework/Versions/A/CoreBluetooth
0x0000000001b95000 	/System/Library/PrivateFrameworks/ChunkingLibrary.framework/Versions/A/ChunkingLibrary
0x0000000001b95000 	/System/Library/PrivateFrameworks/DebugSymbols.framework/Versions/A/DebugSymbols
0x0000000001b95000 	/System/Library/PrivateFrameworks/CoreSymbolication.framework/Versions/A/CoreSymbolication
0x0000000001b95000 	/System/Library/PrivateFrameworks/Symbolication.framework/Versions/A/Symbolication
0x0000000001b95000 	/System/Library/PrivateFrameworks/SpeechRecognitionCore.framework/Versions/A/SpeechRecognitionCore
0x0000000103a00000 	/Library/Java/JavaVirtualMachines/jdk1.8.0_91.jdk/Contents/Home/jre/lib/server/libjvm.dylib
0x0000000001b95000 	/usr/lib/libstdc++.6.dylib
0x00000001030c8000 	/Library/Java/JavaVirtualMachines/jdk1.8.0_91.jdk/Contents/Home/jre/lib/libverify.dylib
0x00000001030d6000 	/Library/Java/JavaVirtualMachines/jdk1.8.0_91.jdk/Contents/Home/jre/lib/libjava.dylib
0x0000000103115000 	/Library/Java/JavaVirtualMachines/jdk1.8.0_91.jdk/Contents/Home/jre/lib/libzip.dylib
0x000000011ecf6000 	/System/Library/Frameworks/JavaVM.framework/Frameworks/JavaRuntimeSupport.framework/JavaRuntimeSupport
0x000000011ed11000 	/System/Library/Frameworks/JavaVM.framework/Versions/A/Frameworks/JavaNativeFoundation.framework/Versions/A/JavaNativeFoundation
0x00000001031f2000 	/System/Library/Frameworks/JavaVM.framework/Versions/A/JavaVM
0x0000000001b95000 	/System/Library/Frameworks/Carbon.framework/Versions/A/Carbon
0x000000011ed26000 	/System/Library/PrivateFrameworks/JavaLaunching.framework/Versions/A/JavaLaunching
0x0000000001b95000 	/System/Library/Frameworks/Carbon.framework/Versions/A/Frameworks/CommonPanels.framework/Versions/A/CommonPanels
0x0000000001b95000 	/System/Library/Frameworks/Carbon.framework/Versions/A/Frameworks/Help.framework/Versions/A/Help
0x0000000001b95000 	/System/Library/Frameworks/Carbon.framework/Versions/A/Frameworks/ImageCapture.framework/Versions/A/ImageCapture
0x0000000001b95000 	/System/Library/Frameworks/Carbon.framework/Versions/A/Frameworks/OpenScripting.framework/Versions/A/OpenScripting
0x0000000001b95000 	/System/Library/Frameworks/Carbon.framework/Versions/A/Frameworks/Print.framework/Versions/A/Print
0x0000000001b95000 	/System/Library/Frameworks/Carbon.framework/Versions/A/Frameworks/SecurityHI.framework/Versions/A/SecurityHI

VM Arguments:
jvm_args: -Dfile.encoding=UTF-8 
java_command: Lab8.Test
java_class_path (initial): /Users/Tyler/Google Drive/Stevens/CS 181/Labs/Lab 8 Sorting/Lab8/bin
Launcher Type: SUN_STANDARD

Environment Variables:
PATH=/usr/bin:/bin:/usr/sbin:/sbin
SHELL=/bin/bash

Signal Handlers:
SIGSEGV: [libjvm.dylib+0x5a97a1], sa_mask[0]=11111111011111110111111111111111, sa_flags=SA_ONSTACK|SA_RESTART|SA_SIGINFO
SIGBUS: [libjvm.dylib+0x5a97a1], sa_mask[0]=11111111011111110111111111111111, sa_flags=SA_RESTART|SA_SIGINFO
SIGFPE: [libjvm.dylib+0x482594], sa_mask[0]=11111111011111110111111111111111, sa_flags=SA_RESTART|SA_SIGINFO
SIGPIPE: [libjvm.dylib+0x482594], sa_mask[0]=11111111011111110111111111111111, sa_flags=SA_RESTART|SA_SIGINFO
SIGXFSZ: [libjvm.dylib+0x482594], sa_mask[0]=11111111011111110111111111111111, sa_flags=SA_RESTART|SA_SIGINFO
SIGILL: [libjvm.dylib+0x482594], sa_mask[0]=11111111011111110111111111111111, sa_flags=SA_RESTART|SA_SIGINFO
SIGUSR1: SIG_DFL, sa_mask[0]=00000000000000000000000000000000, sa_flags=none
SIGUSR2: [libjvm.dylib+0x4820b2], sa_mask[0]=00100000000000000000000000000000, sa_flags=SA_RESTART|SA_SIGINFO
SIGHUP: [libjvm.dylib+0x480689], sa_mask[0]=11111111011111110111111111111111, sa_flags=SA_RESTART|SA_SIGINFO
SIGINT: [libjvm.dylib+0x480689], sa_mask[0]=11111111011111110111111111111111, sa_flags=SA_RESTART|SA_SIGINFO
SIGTERM: [libjvm.dylib+0x480689], sa_mask[0]=11111111011111110111111111111111, sa_flags=SA_RESTART|SA_SIGINFO
SIGQUIT: [libjvm.dylib+0x480689], sa_mask[0]=11111111011111110111111111111111, sa_flags=SA_RESTART|SA_SIGINFO


---------------  S Y S T E M  ---------------

OS:Bsduname:Darwin 15.6.0 Darwin Kernel Version 15.6.0: Thu Jun 23 18:25:34 PDT 2016; root:xnu-3248.60.10~1/RELEASE_X86_64 x86_64
rlimit: STACK 8192k, CORE 0k, NPROC 709, NOFILE 10240, AS infinity
load average:2.83 2.65 2.50

CPU:total 4 (2 cores per cpu, 2 threads per core) family 6 model 42 stepping 7, cmov, cx8, fxsr, mmx, sse, sse2, sse3, ssse3, sse4.1, sse4.2, popcnt, avx, aes, clmul, ht, tsc, tscinvbit

Memory: 4k page, physical 16777216k(1689116k free)

/proc/meminfo:


vm_info: Java HotSpot(TM) 64-Bit Server VM (25.91-b14) for bsd-amd64 JRE (1.8.0_91-b14), built on Apr  1 2016 01:03:00 by "java_re" with gcc 4.2.1 (Based on Apple Inc. build 5658) (LLVM build 2336.11.00)

time: Wed Nov 16 21:15:02 2016
elapsed time: 512 seconds (0d 0h 8m 32s)

